MainApp/proguard-project.txt
# Add project specific ProGuard rules here.
# By default, the flags in this file are appended to flags specified
# in D:\COMPETITION\Android Studio\Android Studio SDK/tools/proguard/proguard-android.txt
# You can edit the include path and order by changing the proguardFiles
# directive in build.gradle.
#
# For more details, see
#   http://developer.android.com/guide/developing/tools/proguard.html

# Add any project specific keep options here:

# If your project uses WebView with JS, uncomment the following
# and specify the fully qualified class name to the JavaScript interface
# class:
#-keepclassmembers class fqcn.of.javascript.interface.for.webview {
#   public *;
#}

-dontusemixedcaseclassnames
-dontskipnonpubliclibraryclasses
-verbose

# Optimization is turned off by default. Dex does not like code run
# through the ProGuard optimize and preverify steps (and performs some
# of these optimizations on its own).
-dontoptimize
-dontpreverify
#-dontobfuscate
# Note that if you want to enable optimization, you cannot just
# include optimization flags in your own project configuration file;
# instead you will need to point to the
# "proguard-android-optimize.txt" file instead of this one from your
# project.properties file.

-dump class_files.txt
-printseeds seeds.txt
-printusage unused.txt
-printmapping mapping.txt

-keepattributes *Annotation*


# For native methods, see http://proguard.sourceforge.net/manual/examples.html#native
-keepclasseswithmembernames class * {
    native <methods>;
}
-keepnames class * implements android.os.Parcelable {
    public static final ** CREATOR;
}

# keep setters in Views so that animations can still work.
# see http://proguard.sourceforge.net/manual/examples.html#beans
-keepclassmembers public class * extends android.view.View {
   void set*(***);
   *** get*();
}

-keep class * implements android.os.Parcelable {
  public static final android.os.Parcelable$Creator *;
}

# We want to keep methods in Activity that could be used in the XML attribute onClick
-keepclassmembers class * extends android.app.Activity {
   public void *(android.view.View);
}

# For enumeration classes, see http://proguard.sourceforge.net/manual/examples.html#enumerations
-keepclassmembers enum * {
    public static **[] values();
    public static ** valueOf(java.lang.String);
}

-keep class * implements android.os.Parcelable {
    public static final android.os.Parcelable$Creator *;
}

-keepclassmembers class **.R$* {
    public static <fields>;
}

#-dontwarn com.google.android.gms.**
#-keep class com.google.android.gms.** { *; }

-keep public class android.** {
    public protected *;
}

-keepclassmembers class * implements android.os.Parcelable {
    static ** CREATOR;
}

# Fix loi
-keep class com.parse.** { *; }
-dontwarn com.parse.**

################# bo qua warning voi thu vien ngoai
-dontwarn android.support.v4.**
-dontwarn java.beans.**
-dontwarn javax.xml.**
-dontwarn org.dom4j.**
-dontwarn android.animation.**
-dontwarn com.android.**
-dontwarn android.accounts.**
-dontwarn android.app.**
-dontwarn android.util.**
-dontwarn android.content.**