MainApp/proguard/seeds.txt
com.tspro.android.beatifulgirl.ImageGalleryCategoryActivity
com.tspro.android.beatifulgirl.ImageGalleryCategoryActivity: ImageGalleryCategoryActivity()
com.tspro.android.beatifulgirl.ImageGallerySubcategoryActivity
com.tspro.android.beatifulgirl.ImageGallerySubcategoryActivity: ImageGallerySubcategoryActivity()
com.tspro.android.beatifulgirl.MainActivity
com.tspro.android.beatifulgirl.MainActivity: MainActivity()
com.tspro.android.beatifulgirl.R$attr: int barColor
com.tspro.android.beatifulgirl.R$attr: int barLength
com.tspro.android.beatifulgirl.R$attr: int barWidth
com.tspro.android.beatifulgirl.R$attr: int circleColor
com.tspro.android.beatifulgirl.R$attr: int contourColor
com.tspro.android.beatifulgirl.R$attr: int contourSize
com.tspro.android.beatifulgirl.R$attr: int delayMillis
com.tspro.android.beatifulgirl.R$attr: int fletFloatingHint
com.tspro.android.beatifulgirl.R$attr: int fletHintTextColor
com.tspro.android.beatifulgirl.R$attr: int fletImeActionId
com.tspro.android.beatifulgirl.R$attr: int fletImeActionLabel
com.tspro.android.beatifulgirl.R$attr: int fletImeOptions
com.tspro.android.beatifulgirl.R$attr: int fletInputType
com.tspro.android.beatifulgirl.R$attr: int fletPassword
com.tspro.android.beatifulgirl.R$attr: int fletSingleLine
com.tspro.android.beatifulgirl.R$attr: int fletTextBackground
com.tspro.android.beatifulgirl.R$attr: int fletTextColor
com.tspro.android.beatifulgirl.R$attr: int fletTextGravity
com.tspro.android.beatifulgirl.R$attr: int fletTextLines
com.tspro.android.beatifulgirl.R$attr: int linear_layout_ratio
com.tspro.android.beatifulgirl.R$attr: int radius
com.tspro.android.beatifulgirl.R$attr: int rimColor
com.tspro.android.beatifulgirl.R$attr: int rimWidth
com.tspro.android.beatifulgirl.R$attr: int rippleAlpha
com.tspro.android.beatifulgirl.R$attr: int rippleBackground
com.tspro.android.beatifulgirl.R$attr: int rippleColor
com.tspro.android.beatifulgirl.R$color: int divider_color
com.tspro.android.beatifulgirl.R$color: int main_color_100
com.tspro.android.beatifulgirl.R$color: int main_color_200
com.tspro.android.beatifulgirl.R$color: int main_color_300
com.tspro.android.beatifulgirl.R$color: int main_color_400
com.tspro.android.beatifulgirl.R$color: int main_color_50
com.tspro.android.beatifulgirl.R$color: int main_color_500
com.tspro.android.beatifulgirl.R$color: int main_color_500_10_percent
com.tspro.android.beatifulgirl.R$color: int main_color_500_20_percent
com.tspro.android.beatifulgirl.R$color: int main_color_500_50_percent
com.tspro.android.beatifulgirl.R$color: int main_color_600
com.tspro.android.beatifulgirl.R$color: int main_color_700
com.tspro.android.beatifulgirl.R$color: int main_color_800
com.tspro.android.beatifulgirl.R$color: int main_color_900
com.tspro.android.beatifulgirl.R$color: int main_color_A100
com.tspro.android.beatifulgirl.R$color: int main_color_A200
com.tspro.android.beatifulgirl.R$color: int main_color_A400
com.tspro.android.beatifulgirl.R$color: int main_color_grey_100
com.tspro.android.beatifulgirl.R$color: int main_color_grey_200
com.tspro.android.beatifulgirl.R$color: int main_color_grey_300
com.tspro.android.beatifulgirl.R$color: int main_color_grey_400
com.tspro.android.beatifulgirl.R$color: int main_color_grey_50
com.tspro.android.beatifulgirl.R$color: int main_color_grey_500
com.tspro.android.beatifulgirl.R$color: int main_color_grey_600
com.tspro.android.beatifulgirl.R$dimen: int drawer_width
com.tspro.android.beatifulgirl.R$dimen: int ken_burns_header
...
android.support.v4.app.BackStackState
android.support.v4.app.BackStackState: android.os.Parcelable$Creator CREATOR
android.support.v4.app.Fragment$SavedState
android.support.v4.app.Fragment$SavedState: android.os.Parcelable$Creator CREATOR
android.support.v4.app.FragmentManagerState
android.support.v4.app.FragmentManagerState: android.os.Parcelable$Creator CREATOR
android.support.v4.app.FragmentState
android.support.v4.app.FragmentState: android.os.Parcelable$Creator CREATOR
android.support.v4.app.FragmentTabHost: void setOnTabChangedListener(android.widget.TabHost$OnTabChangeListener)
android.support.v4.app.FragmentTabHost$SavedState
android.support.v4.app.FragmentTabHost$SavedState: android.os.Parcelable$Creator CREATOR
android.support.v4.content.ModernAsyncTask$Status: android.support.v4.content.ModernAsyncTask$Status[] values()
android.support.v4.content.ModernAsyncTask$Status: android.support.v4.content.ModernAsyncTask$Status valueOf(java.lang.String)
android.support.v4.view.PagerTabStrip: void setTabIndicatorColor(int)
android.support.v4.view.PagerTabStrip: void setTabIndicatorColorResource(int)
android.support.v4.view.PagerTabStrip: int getTabIndicatorColor()
android.support.v4.view.PagerTabStrip: void setTextSpacing(int)
android.support.v4.view.PagerTabStrip: void setBackgroundDrawable(android.graphics.drawable.Drawable)
android.support.v4.view.PagerTabStrip: void setBackgroundColor(int)
android.support.v4.view.PagerTabStrip: void setBackgroundResource(int)
android.support.v4.view.PagerTabStrip: void setDrawFullUnderline(boolean)
android.support.v4.view.PagerTabStrip: boolean getDrawFullUnderline()
android.support.v4.view.PagerTabStrip: int getMinHeight()
android.support.v4.view.PagerTitleStrip: void setSingleLineAllCaps(android.widget.TextView)
android.support.v4.view.PagerTitleStrip: void setTextSpacing(int)
android.support.v4.view.PagerTitleStrip: int getTextSpacing()
android.support.v4.view.PagerTitleStrip: void setNonPrimaryAlpha(float)
android.support.v4.view.PagerTitleStrip: void setTextColor(int)
android.support.v4.view.PagerTitleStrip: void setGravity(int)
android.support.v4.view.PagerTitleStrip: int getMinHeight()
android.support.v4.view.ViewPager: void setScrollState(int)
android.support.v4.view.ViewPager: void setAdapter(android.support.v4.view.PagerAdapter)
android.support.v4.view.ViewPager: android.support.v4.view.PagerAdapter getAdapter()
android.support.v4.view.ViewPager: void setOnAdapterChangeListener(android.support.v4.view.ViewPager$OnAdapterChangeListener)
android.support.v4.view.ViewPager: int getClientWidth()
android.support.v4.view.ViewPager: void setCurrentItem(int)
android.support.v4.view.ViewPager: int getCurrentItem()
android.support.v4.view.ViewPager: void setOnPageChangeListener(android.support.v4.view.ViewPager$OnPageChangeListener)
android.support.v4.view.ViewPager: void setChildrenDrawingOrderEnabledCompat(boolean)
android.support.v4.view.ViewPager: int getOffscreenPageLimit()
android.support.v4.view.ViewPager: void setOffscreenPageLimit(int)
android.support.v4.view.ViewPager: void setPageMargin(int)
android.support.v4.view.ViewPager: int getPageMargin()
android.support.v4.view.ViewPager: void setPageMarginDrawable(android.graphics.drawable.Drawable)
android.support.v4.view.ViewPager: void setPageMarginDrawable(int)
android.support.v4.view.ViewPager: void setScrollingCacheEnabled(boolean)
android.support.v4.view.ViewPager$SavedState
android.support.v4.view.ViewPager$SavedState: android.os.Parcelable$Creator CREATOR