MainApp/proguard/mapping.txt
com.tspro.android.beatifulgirl.ImageGalleryCategoryActivity -> com.tspro.android.beatifulgirl.ImageGalleryCategoryActivity:
    android.widget.ListView mListView -> a
    void onCreate(android.os.Bundle) -> onCreate
    void setAdapter(java.lang.String) -> a
com.tspro.android.beatifulgirl.ImageGallerySubcategoryActivity -> com.tspro.android.beatifulgirl.ImageGallerySubcategoryActivity:
    java.util.ArrayList mSubcategories -> a
    android.widget.ListView mListView -> b
    void onCreate(android.os.Bundle) -> onCreate
    void setAdapter() -> a
com.tspro.android.beatifulgirl.MainActivity -> com.tspro.android.beatifulgirl.MainActivity:
    android.widget.ListView mDrawerList -> a
    java.util.List mDrawerItems -> b
    android.support.v4.widget.DrawerLayout mDrawerLayout -> c
    android.support.v4.app.ActionBarDrawerToggle mDrawerToggle -> d
    java.lang.CharSequence mDrawerTitle -> e
    java.lang.CharSequence mTitle -> f
    android.os.Handler mHandler -> g
    void onCreate(android.os.Bundle) -> onCreate
    void prepareNavigationDrawerItems() -> a
    boolean onCreateOptionsMenu(android.view.Menu) -> onCreateOptionsMenu
    boolean onPrepareOptionsMenu(android.view.Menu) -> onPrepareOptionsMenu
    boolean onOptionsItemSelected(android.view.MenuItem) -> onOptionsItemSelected
    void selectItem(int,int) -> a
    android.app.Fragment getFragmentByDrawerTag(int) -> a
    void commitFragment(android.app.Fragment) -> a
    void setTitle(int) -> setTitle
    void setTitle(java.lang.CharSequence) -> setTitle
    void onPostCreate(android.os.Bundle) -> onPostCreate
    void onConfigurationChanged(android.content.res.Configuration) -> onConfigurationChanged
    java.util.List access$0(com.tspro.android.beatifulgirl.MainActivity) -> a
    void access$1(com.tspro.android.beatifulgirl.MainActivity,int,int) -> a
    java.lang.CharSequence access$2(com.tspro.android.beatifulgirl.MainActivity) -> b
    java.lang.CharSequence access$3(com.tspro.android.beatifulgirl.MainActivity) -> c
com.tspro.android.beatifulgirl.MainActivity$1 -> com.tspro.android.beatifulgirl.a:
    com.tspro.android.beatifulgirl.MainActivity this$0 -> a
    void onDrawerClosed(android.view.View) -> b
    void onDrawerOpened(android.view.View) -> a
com.tspro.android.beatifulgirl.MainActivity$CommitFragmentRunnable -> com.tspro.android.beatifulgirl.b:
    android.app.Fragment fragment -> b
    com.tspro.android.beatifulgirl.MainActivity this$0 -> a
    void run() -> run
com.tspro.android.beatifulgirl.MainActivity$DrawerItemClickListener -> com.tspro.android.beatifulgirl.c:
    com.tspro.android.beatifulgirl.MainActivity this$0 -> a
    void onItemClick(android.widget.AdapterView,android.view.View,int,long) -> onItemClick
com.tspro.android.beatifulgirl.R -> com.tspro.android.beatifulgirl.d:
...
android.support.v4.app.ActionBarDrawerToggleJellybeanMR2 -> android.support.v4.app.l:
    int[] THEME_ATTRS -> a
    java.lang.Object setActionBarUpIndicator(java.lang.Object,android.app.Activity,android.graphics.drawable.Drawable,int) -> a
    java.lang.Object setActionBarDescription(java.lang.Object,android.app.Activity,int) -> a
    android.graphics.drawable.Drawable getThemeUpIndicator(android.app.Activity) -> a
android.support.v4.app.ActivityCompatHoneycomb -> android.support.v4.app.m:
    void invalidateOptionsMenu(android.app.Activity) -> a
android.support.v4.app.BackStackRecord -> android.support.v4.app.n:
    android.support.v4.app.FragmentManagerImpl mManager -> a
    android.support.v4.app.BackStackRecord$Op mHead -> b
    android.support.v4.app.BackStackRecord$Op mTail -> c
    int mNumOp -> d
    int mEnterAnim -> e
    int mExitAnim -> f
    int mPopEnterAnim -> g
    int mPopExitAnim -> h
    int mTransition -> i
    int mTransitionStyle -> j
    boolean mAddToBackStack -> k
    boolean mAllowAddToBackStack -> l
    java.lang.String mName -> m
    boolean mCommitted -> n
    int mIndex -> o
    int mBreadCrumbTitleRes -> p
    java.lang.CharSequence mBreadCrumbTitleText -> q
    int mBreadCrumbShortTitleRes -> r
    java.lang.CharSequence mBreadCrumbShortTitleText -> s
    java.lang.String toString() -> toString
    void dump(java.lang.String,java.io.FileDescriptor,java.io.PrintWriter,java.lang.String[]) -> a
    void dump(java.lang.String,java.io.PrintWriter,boolean) -> a
    void addOp(android.support.v4.app.BackStackRecord$Op) -> a
    android.support.v4.app.FragmentTransaction add(int,android.support.v4.app.Fragment,java.lang.String) -> a
    void doAddOp(int,android.support.v4.app.Fragment,java.lang.String,int) -> a
    android.support.v4.app.FragmentTransaction detach(android.support.v4.app.Fragment) -> a
    android.support.v4.app.FragmentTransaction attach(android.support.v4.app.Fragment) -> b
    void bumpBackStackNesting(int) -> a
    int commit() -> a
    int commitInternal(boolean) -> a
android.support.v4.app.BackStackRecord$Op -> android.support.v4.app.o:
    android.support.v4.app.BackStackRecord$Op next -> a
    android.support.v4.app.BackStackRecord$Op prev -> b
    int cmd -> c
    android.support.v4.app.Fragment fragment -> d
    int enterAnim -> e
    int exitAnim -> f
    int popEnterAnim -> g
    int popExitAnim -> h
    java.util.ArrayList removed -> i
android.support.v4.app.BackStackState -> android.support.v4.app.BackStackState:
    int[] mOps -> a
    int mTransition -> b
    int mTransitionStyle -> c
    java.lang.String mName -> d
    int mIndex -> e
    int mBreadCrumbTitleRes -> f
    java.lang.CharSequence mBreadCrumbTitleText -> g
    int mBreadCrumbShortTitleRes -> h
    java.lang.CharSequence mBreadCrumbShortTitleText -> i
    android.os.Parcelable$Creator CREATOR -> CREATOR
    android.support.v4.app.BackStackRecord instantiate(android.support.v4.app.FragmentManagerImpl) -> a
    int describeContents() -> describeContents
    void writeToParcel(android.os.Parcel,int) -> writeToParcel
android.support.v4.app.BackStackState$1 -> android.support.v4.app.p:
    android.support.v4.app.BackStackState createFromParcel(android.os.Parcel) -> a
    android.support.v4.app.BackStackState[] newArray(int) -> a
    java.lang.Object[] newArray(int) -> newArray
    java.lang.Object createFromParcel(android.os.Parcel) -> createFromParcel