MainApp/proguard/usage.txt
com.tspro.android.beatifulgirl.BuildConfig
com.tspro.android.beatifulgirl.ImageGalleryCategoryActivity:
    public static final java.lang.String IMAGE_GALLERY_CATEGORY
    public static final java.lang.String ANIMALS_CATEGORY
    public static final java.lang.String DOGS_SUBCATEGORY
    public static final java.lang.String MUSIC_CATEGORY
com.tspro.android.beatifulgirl.ImageGallerySubcategoryActivity:
    public static final java.lang.String IMAGE_GALLERY_SUBCATEGORY
com.tspro.android.beatifulgirl.R:
    10:10:public R()
com.tspro.android.beatifulgirl.R$attr
com.tspro.android.beatifulgirl.R$color
com.tspro.android.beatifulgirl.R$dimen
com.tspro.android.beatifulgirl.R$drawable
com.tspro.android.beatifulgirl.R$id
com.tspro.android.beatifulgirl.R$layout
com.tspro.android.beatifulgirl.R$menu
com.tspro.android.beatifulgirl.R$string
com.tspro.android.beatifulgirl.R$style
com.tspro.android.beatifulgirl.R$styleable:
    1308:1308:public R$styleable()
com.tspro.android.beatifulgirl.adapter.ImageGalleryCategoryAdapter:
    private static final int TYPE_ONE_COLUMN
    private static final int TYPE_TWO_COLUMNS
    private static final int TYPE_MAX_COUNT
com.tspro.android.beatifulgirl.adapter.ImageGalleryCategoryAdapter$ViewHolder:
    168:168:private ImageGalleryCategoryAdapter$ViewHolder()
com.tspro.android.beatifulgirl.adapter.ImageGallerySubcategoryAdapter:
    private static final int TYPE_ONE_COLUMN
    private static final int TYPE_TWO_COLUMNS
    private static final int TYPE_MAX_COUNT
com.tspro.android.beatifulgirl.adapter.ImageGallerySubcategoryAdapter$ViewHolder:
    140:140:private ImageGallerySubcategoryAdapter$ViewHolder()
com.tspro.android.beatifulgirl.font.RobotoTextView$Roboto:
    static final int ROBOTO_BLACK
    static final int ROBOTO_BLACK_ITALIC
    static final int ROBOTO_BOLD
    static final int ROBOTO_BOLD_ITALIC
    static final int ROBOTO_BOLD_CONDENSED
    static final int ROBOTO_BOLD_CONDENSED_ITALIC
    static final int ROBOTO_CONDENSED
    static final int ROBOTO_CONDENSED_ITALIC
    static final int ROBOTO_ITALIC
    static final int ROBOTO_LIGHT
    static final int ROBOTO_LIGHT_ITALIC
    static final int ROBOTO_MEDIUM
    static final int ROBOTO_MEDIUM_ITALIC
    static final int ROBOTO_REGULAR
    static final int ROBOTO_THIN
    static final int ROBOTO_THIN_ITALIC
    129:129:private RobotoTextView$Roboto()
com.tspro.android.beatifulgirl.model.DrawerItem:
    public static final int DRAWER_ITEM_TAG_SPLASH_SCREENS
    public static final int DRAWER_ITEM_TAG_PROGRESS_BARS
    public static final int DRAWER_ITEM_TAG_BUTTONS
    public static final int DRAWER_ITEM_TAG_SHAPE_IMAGE_VIEWS
    public static final int DRAWER_ITEM_TAG_TEXT_VIEWS
    public static final int DRAWER_ITEM_TAG_SEARCH_BARS
    public static final int DRAWER_ITEM_TAG_LOGIN_PAGE_AND_LOADERS
    public static final int DRAWER_ITEM_TAG_AUDIO_PLAYER
    public static final int DRAWER_ITEM_TAG_VIDEO_PLAYER
    public static final int DRAWER_ITEM_TAG_IMAGE_GALLERY
    public static final int DRAWER_ITEM_TAG_CHECK_AND_RADIO_BOXES
    public static final int DRAWER_ITEM_TAG_CALENDARS
    public static final int DRAWER_ITEM_TAG_LEFT_MENUS
    public static final int DRAWER_ITEM_TAG_LIST_VIEWS
    public static final int DRAWER_ITEM_TAG_PARALLAX
    public static final int DRAWER_ITEM_TAG_DIALOGS
    42:43:public void setIcon(int)
    50:51:public void setTitle(int)
    58:59:public void setTag(int)
com.tspro.android.beatifulgirl.util.DummyContent:
    9:9:public DummyContent()
com.tspro.android.beatifulgirl.util.ImageUtil:
    15:15:public ImageUtil()
com.tspro.android.beatifulgirl.view.AlphaForegroundColorSpan:
    16:18:public AlphaForegroundColorSpan(android.os.Parcel)
    35:35:public float getAlpha()
...
android.support.v4.content.FileProvider$SimplePathStrategy
android.support.v4.content.IntentCompat
android.support.v4.content.IntentCompat$IntentCompatImpl
android.support.v4.content.IntentCompat$IntentCompatImplBase
android.support.v4.content.IntentCompat$IntentCompatImplHC
android.support.v4.content.IntentCompat$IntentCompatImplIcsMr1
android.support.v4.content.IntentCompatHoneycomb
android.support.v4.content.IntentCompatIcsMr1
android.support.v4.content.Loader:
    android.content.Context mContext
    91:93:public Loader(android.content.Context)
    103:106:public void deliverResult(java.lang.Object)
    112:112:public android.content.Context getContext()
    119:119:public int getId()
    158:158:public boolean isStarted()
    167:167:public boolean isAbandoned()
    176:176:public boolean isReset()
    218:219:public void forceLoad()
    226:226:protected void onForceLoad()
    262:264:public void abandon()
    276:276:protected void onAbandon()
    314:317:public boolean takeContentChanged()
    328:329:public void commitContentChanged()
    339:342:public void rollbackContentChanged()
    353:361:public void onContentChanged()
android.support.v4.content.Loader$ForceLoadContentObserver
android.support.v4.content.Loader$OnLoadCompleteListener:
    public abstract void onLoadComplete(android.support.v4.content.Loader,java.lang.Object)
android.support.v4.content.LocalBroadcastManager
android.support.v4.content.LocalBroadcastManager$1
android.support.v4.content.LocalBroadcastManager$BroadcastRecord
android.support.v4.content.LocalBroadcastManager$ReceiverRecord
android.support.v4.content.ModernAsyncTask
android.support.v4.content.ModernAsyncTask$1
android.support.v4.content.ModernAsyncTask$2
android.support.v4.content.ModernAsyncTask$3
android.support.v4.content.ModernAsyncTask$4
android.support.v4.content.ModernAsyncTask$AsyncTaskResult
android.support.v4.content.ModernAsyncTask$InternalHandler
android.support.v4.content.ModernAsyncTask$Status
android.support.v4.content.ModernAsyncTask$WorkerRunnable
android.support.v4.content.WakefulBroadcastReceiver
android.support.v4.content.pm.ActivityInfoCompat
android.support.v4.database.DatabaseUtilsCompat
android.support.v4.graphics.drawable.DrawableCompat
android.support.v4.graphics.drawable.DrawableCompat$BaseDrawableImpl
android.support.v4.graphics.drawable.DrawableCompat$DrawableImpl
android.support.v4.graphics.drawable.DrawableCompat$HoneycombDrawableImpl
android.support.v4.graphics.drawable.DrawableCompat$KitKatDrawableImpl
android.support.v4.graphics.drawable.DrawableCompatHoneycomb
android.support.v4.graphics.drawable.DrawableCompatKitKat
android.support.v4.hardware.display.DisplayManagerCompat
android.support.v4.hardware.display.DisplayManagerCompat$JellybeanMr1Impl
android.support.v4.hardware.display.DisplayManagerCompat$LegacyImpl
android.support.v4.hardware.display.DisplayManagerJellybeanMr1
android.support.v4.internal.view.SupportMenu
android.support.v4.internal.view.SupportMenuItem
android.support.v4.internal.view.SupportSubMenu
android.support.v4.media.TransportController
android.support.v4.media.TransportMediator
android.support.v4.media.TransportMediator$1
android.support.v4.media.TransportMediator$2
android.support.v4.media.TransportMediatorCallback
android.support.v4.media.TransportMediatorJellybeanMR2
android.support.v4.media.TransportMediatorJellybeanMR2$1
android.support.v4.media.TransportMediatorJellybeanMR2$2
android.support.v4.media.TransportMediatorJellybeanMR2$3
android.support.v4.media.TransportMediatorJellybeanMR2$4
android.support.v4.media.TransportPerformer
android.support.v4.media.TransportStateListener
android.support.v4.net.ConnectivityManagerCompat
android.support.v4.net.ConnectivityManagerCompat$BaseConnectivityManagerCompatImpl
android.support.v4.net.ConnectivityManagerCompat$ConnectivityManagerCompatImpl
android.support.v4.net.ConnectivityManagerCompat$GingerbreadConnectivityManagerCompatImpl